10:10:21 **** Incremental Build of configuration Debug for project Lab 06 ****
make all 
Building file: ../test.cpp
Invoking: Cross G++ Compiler
g++ -O0 -g3 -Wall -c -fmessage-length=0 -MMD -MP -MF"test.d" -MT"test.o" -o "test.o" "../test.cpp"
../test.cpp:1:10: fatal error: main.cpp: No such file or directory
    1 | #include "main.cpp"
      |          ^~~~~~~~~~
compilation terminated.
make: *** [subdir.mk:20: test.o] Error 1
"make all" terminated with exit code 2. Build might be incomplete.

10:10:22 Build Failed. 2 errors, 0 warnings. (took 334ms)

